[INFO ] 2021-07-23 02:15:24.152 [Test worker] Log - Test is starting
[INFO ] 2021-07-23 02:15:24.166 [Test worker] Log - chrome is starting
[INFO ] 2021-07-23 02:15:26.575 [Test worker] Log - navigating to url : https://www.twitter.com/
[INFO ] 2021-07-23 02:15:30.074 [Test worker] Log - Launched the web application.
[INFO ] 2021-07-23 02:16:19.521 [Test worker] Log - Browser is closed
[INFO ] 2021-07-23 02:16:20.534 [Test worker] Log - Test is ended
[INFO ] 2021-07-23 10:03:51.530 [Test worker] Log - Test is starting
[INFO ] 2021-07-23 10:03:51.543 [Test worker] Log - chrome is starting
[INFO ] 2021-07-23 10:03:54.415 [Test worker] Log - navigating to url : https://www.twitter.com/
[INFO ] 2021-07-23 10:04:00.051 [Test worker] Log - Launched the web application.
[INFO ] 2021-07-23 10:04:34.027 [Test worker] Log - Browser is closed
[INFO ] 2021-07-23 10:04:35.019 [Test worker] Log - Test is ended
[INFO ] 2021-07-23 10:06:02.885 [Test worker] Log - Test is starting
[INFO ] 2021-07-23 10:06:02.893 [Test worker] Log - chrome is starting
[INFO ] 2021-07-23 10:06:05.214 [Test worker] Log - navigating to url : https://www.twitter.com/
[INFO ] 2021-07-23 10:06:07.882 [Test worker] Log - Launched the web application.
[INFO ] 2021-07-23 10:06:40.344 [Test worker] Log - Browser is closed
[INFO ] 2021-07-23 10:06:41.384 [Test worker] Log - Test is ended
[INFO ] 2021-07-23 10:08:10.008 [Test worker] Log - Test is starting
[INFO ] 2021-07-23 10:08:10.016 [Test worker] Log - chrome is starting
[INFO ] 2021-07-23 10:08:12.473 [Test worker] Log - navigating to url : https://www.twitter.com/
[INFO ] 2021-07-23 10:08:15.458 [Test worker] Log - Launched the web application.
[INFO ] 2021-07-23 10:08:49.173 [Test worker] Log - Browser is closed
[INFO ] 2021-07-23 10:08:50.262 [Test worker] Log - Test is ended
[INFO ] 2021-07-23 15:58:21.504 [Test worker] Log - Test is starting
[INFO ] 2021-07-23 15:58:21.511 [Test worker] Log - chrome is starting
[INFO ] 2021-07-23 15:58:23.906 [Test worker] Log - navigating to url : https://www.twitter.com/
[INFO ] 2021-07-23 15:58:26.841 [Test worker] Log - Launched the web application.
[INFO ] 2021-07-23 15:58:31.945 [Test worker] Log - tool_tip_testTest is starting
[INFO ] 2021-07-23 15:58:32.096 [Test worker] Log - clicking on login button
[INFO ] 2021-07-23 15:58:35.345 [Test worker] Log - Entering email id 
[INFO ] 2021-07-23 15:58:35.730 [Test worker] Log - Entering password
[INFO ] 2021-07-23 15:58:38.925 [Test worker] Log - Clicking on login after entering credentials
[INFO ] 2021-07-23 15:58:44.280 [Test worker] Log - Returning title of the page
[INFO ] 2021-07-23 15:58:48.848 [Test worker] Log - Test is passed
[INFO ] 2021-07-23 15:58:55.784 [Test worker] Log - Browser is closed
[INFO ] 2021-07-23 15:58:56.953 [Test worker] Log - Test is ended
[INFO ] 2021-07-23 15:58:56.954 [Test worker] Log - Gradle testTest is finished
[INFO ] 2021-07-23 16:01:30.248 [Test worker] Log - Test is starting
[INFO ] 2021-07-23 16:01:30.255 [Test worker] Log - chrome is starting
[INFO ] 2021-07-23 16:01:33.075 [Test worker] Log - navigating to url : https://www.twitter.com/
[INFO ] 2021-07-23 16:01:36.401 [Test worker] Log - Launched the web application.
[INFO ] 2021-07-23 16:01:41.479 [Test worker] Log - tool_tip_testTest is starting
[INFO ] 2021-07-23 16:01:41.655 [Test worker] Log - clicking on login button
[INFO ] 2021-07-23 16:01:44.801 [Test worker] Log - Entering email id 
[INFO ] 2021-07-23 16:01:45.606 [Test worker] Log - Entering password
[INFO ] 2021-07-23 16:01:49.006 [Test worker] Log - Clicking on login after entering credentials
[INFO ] 2021-07-23 16:01:54.540 [Test worker] Log - Returning title of the page
[INFO ] 2021-07-23 16:01:57.780 [Test worker] Log - Test is passed
[INFO ] 2021-07-23 16:02:04.247 [Test worker] Log - Browser is closed
[INFO ] 2021-07-23 16:02:05.415 [Test worker] Log - Test is ended
[INFO ] 2021-07-23 16:02:05.417 [Test worker] Log - Gradle testTest is finished
[INFO ] 2021-07-23 16:03:08.973 [Test worker] Log - Test is starting
[INFO ] 2021-07-23 16:03:08.979 [Test worker] Log - chrome is starting
[INFO ] 2021-07-23 16:03:11.736 [Test worker] Log - navigating to url : https://www.twitter.com/
[INFO ] 2021-07-23 16:03:15.100 [Test worker] Log - Launched the web application.
[INFO ] 2021-07-23 16:03:20.188 [Test worker] Log - tool_tip_testTest is starting
[INFO ] 2021-07-23 16:03:20.366 [Test worker] Log - clicking on login button
[INFO ] 2021-07-23 16:03:23.503 [Test worker] Log - Entering email id 
[INFO ] 2021-07-23 16:03:24.183 [Test worker] Log - Entering password
[INFO ] 2021-07-23 16:03:27.539 [Test worker] Log - Clicking on login after entering credentials
[INFO ] 2021-07-23 16:03:33.106 [Test worker] Log - Returning title of the page
[INFO ] 2021-07-23 16:03:36.878 [Test worker] Log - Test is passed
[INFO ] 2021-07-23 16:03:43.590 [Test worker] Log - Browser is closed
[INFO ] 2021-07-23 16:03:44.769 [Test worker] Log - Test is ended
[INFO ] 2021-07-23 16:03:44.776 [Test worker] Log - Gradle testTest is finished
[INFO ] 2021-07-23 18:46:15.395 [Test worker] Log - Test is starting
[INFO ] 2021-07-23 18:46:15.399 [Test worker] Log - chrome is starting
[INFO ] 2021-07-23 18:46:17.204 [Test worker] Log - navigating to url : https://www.twitter.com/
[INFO ] 2021-07-23 18:46:37.623 [Test worker] Log - Launched the web application.
[INFO ] 2021-07-23 18:47:35.409 [Test worker] Log - Browser is closed
[INFO ] 2021-07-23 18:47:36.278 [Test worker] Log - Test is ended
